This is pdfTeX, Version 3.141592653-2.6-1.40.25 (TeX Live 2023) (preloaded format=pdflatex 2023.5.30)  30 MAY 2023 18:09
entering extended mode
 restricted \write18 enabled.
 %&-line parsing enabled.
**paper.tex
(./paper.tex
LaTeX2e <2022-11-01> patch level 1
L3 programming layer <2023-05-22> (/Users/madslangsorensen/Library/TinyTeX/texmf-dist/tex/latex/base/article.cls
Document Class: article 2022/07/02 v1.4n Standard LaTeX document class
(/Users/madslangsorensen/Library/TinyTeX/texmf-dist/tex/latex/base/size10.clo
File: size10.clo 2022/07/02 v1.4n Standard LaTeX file (size option)
)
\c@part=\count185
\c@section=\count186
\c@subsection=\count187
\c@subsubsection=\count188
\c@paragraph=\count189
\c@subparagraph=\count190
\c@figure=\count191
\c@table=\count192
\abovecaptionskip=\skip48
\belowcaptionskip=\skip49
\bibindent=\dimen140
) (/Users/madslangsorensen/Library/TinyTeX/texmf-dist/tex/latex/amsmath/amsmath.sty
Package: amsmath 2022/04/08 v2.17n AMS math features
\@mathmargin=\skip50
For additional information on amsmath, use the `?' option.
(/Users/madslangsorensen/Library/TinyTeX/texmf-dist/tex/latex/amsmath/amstext.sty
Package: amstext 2021/08/26 v2.01 AMS text
(/Users/madslangsorensen/Library/TinyTeX/texmf-dist/tex/latex/amsmath/amsgen.sty
File: amsgen.sty 1999/11/30 v2.0 generic functions
\@emptytoks=\toks16
\ex@=\dimen141
)) (/Users/madslangsorensen/Library/TinyTeX/texmf-dist/tex/latex/amsmath/amsbsy.sty
Package: amsbsy 1999/11/29 v1.2d Bold Symbols
\pmbraise@=\dimen142
) (/Users/madslangsorensen/Library/TinyTeX/texmf-dist/tex/latex/amsmath/amsopn.sty
Package: amsopn 2022/04/08 v2.04 operator names
)
\inf@bad=\count193
LaTeX Info: Redefining \frac on input line 234.
\uproot@=\count194
\leftroot@=\count195
LaTeX Info: Redefining \overline on input line 399.
LaTeX Info: Redefining \colon on input line 410.
\classnum@=\count196
\DOTSCASE@=\count197
LaTeX Info: Redefining \ldots on input line 496.
LaTeX Info: Redefining \dots on input line 499.
LaTeX Info: Redefining \cdots on input line 620.
\Mathstrutbox@=\box51
\strutbox@=\box52
LaTeX Info: Redefining \big on input line 722.
LaTeX Info: Redefining \Big on input line 723.
LaTeX Info: Redefining \bigg on input line 724.
LaTeX Info: Redefining \Bigg on input line 725.
\big@size=\dimen143
LaTeX Font Info:    Redeclaring font encoding OML on input line 743.
LaTeX Font Info:    Redeclaring font encoding OMS on input line 744.
\macc@depth=\count198
LaTeX Info: Redefining \bmod on input line 905.
LaTeX Info: Redefining \pmod on input line 910.
LaTeX Info: Redefining \smash on input line 940.
LaTeX Info: Redefining \relbar on input line 970.
LaTeX Info: Redefining \Relbar on input line 971.
\c@MaxMatrixCols=\count199
\dotsspace@=\muskip16
\c@parentequation=\count266
\dspbrk@lvl=\count267
\tag@help=\toks17
\row@=\count268
\column@=\count269
\maxfields@=\count270
\andhelp@=\toks18
\eqnshift@=\dimen144
\alignsep@=\dimen145
\tagshift@=\dimen146
\tagwidth@=\dimen147
\totwidth@=\dimen148
\lineht@=\dimen149
\@envbody=\toks19
\multlinegap=\skip51
\multlinetaggap=\skip52
\mathdisplay@stack=\toks20
LaTeX Info: Redefining \[ on input line 2953.
LaTeX Info: Redefining \] on input line 2954.
) (/Users/madslangsorensen/Library/TinyTeX/texmf-dist/tex/latex/amsfonts/amssymb.sty
Package: amssymb 2013/01/14 v3.01 AMS font symbols
(/Users/madslangsorensen/Library/TinyTeX/texmf-dist/tex/latex/amsfonts/amsfonts.sty
Package: amsfonts 2013/01/14 v3.01 Basic AMSFonts support
\symAMSa=\mathgroup4
\symAMSb=\mathgroup5
LaTeX Font Info:    Redeclaring math symbol \hbar on input line 98.
LaTeX Font Info:    Overwriting math alphabet `\mathfrak' in version `bold'
(Font)                  U/euf/m/n --> U/euf/b/n on input line 106.
)) (/Users/madslangsorensen/Library/TinyTeX/texmf-dist/tex/latex/lm/lmodern.sty
Package: lmodern 2015/05/01 v1.6.1 Latin Modern Fonts
LaTeX Font Info:    Overwriting symbol font `operators' in version `normal'
(Font)                  OT1/cmr/m/n --> OT1/lmr/m/n on input line 22.
LaTeX Font Info:    Overwriting symbol font `letters' in version `normal'
(Font)                  OML/cmm/m/it --> OML/lmm/m/it on input line 23.
LaTeX Font Info:    Overwriting symbol font `symbols' in version `normal'
(Font)                  OMS/cmsy/m/n --> OMS/lmsy/m/n on input line 24.
LaTeX Font Info:    Overwriting symbol font `largesymbols' in version `normal'
(Font)                  OMX/cmex/m/n --> OMX/lmex/m/n on input line 25.
LaTeX Font Info:    Overwriting symbol font `operators' in version `bold'
(Font)                  OT1/cmr/bx/n --> OT1/lmr/bx/n on input line 26.
LaTeX Font Info:    Overwriting symbol font `letters' in version `bold'
(Font)                  OML/cmm/b/it --> OML/lmm/b/it on input line 27.
LaTeX Font Info:    Overwriting symbol font `symbols' in version `bold'
(Font)                  OMS/cmsy/b/n --> OMS/lmsy/b/n on input line 28.
LaTeX Font Info:    Overwriting symbol font `largesymbols' in version `bold'
(Font)                  OMX/cmex/m/n --> OMX/lmex/m/n on input line 29.
LaTeX Font Info:    Overwriting math alphabet `\mathbf' in version `normal'
(Font)                  OT1/cmr/bx/n --> OT1/lmr/bx/n on input line 31.
LaTeX Font Info:    Overwriting math alphabet `\mathsf' in version `normal'
(Font)                  OT1/cmss/m/n --> OT1/lmss/m/n on input line 32.
LaTeX Font Info:    Overwriting math alphabet `\mathit' in version `normal'
(Font)                  OT1/cmr/m/it --> OT1/lmr/m/it on input line 33.
LaTeX Font Info:    Overwriting math alphabet `\mathtt' in version `normal'
(Font)                  OT1/cmtt/m/n --> OT1/lmtt/m/n on input line 34.
LaTeX Font Info:    Overwriting math alphabet `\mathbf' in version `bold'
(Font)                  OT1/cmr/bx/n --> OT1/lmr/bx/n on input line 35.
LaTeX Font Info:    Overwriting math alphabet `\mathsf' in version `bold'
(Font)                  OT1/cmss/bx/n --> OT1/lmss/bx/n on input line 36.
LaTeX Font Info:    Overwriting math alphabet `\mathit' in version `bold'
(Font)                  OT1/cmr/bx/it --> OT1/lmr/bx/it on input line 37.
LaTeX Font Info:    Overwriting math alphabet `\mathtt' in version `bold'
(Font)                  OT1/cmtt/m/n --> OT1/lmtt/m/n on input line 38.
) (/Users/madslangsorensen/Library/TinyTeX/texmf-dist/tex/generic/iftex/iftex.sty
Package: iftex 2022/02/03 v1.0f TeX engine tests
) (/Users/madslangsorensen/Library/TinyTeX/texmf-dist/tex/latex/base/fontenc.sty
Package: fontenc 2021/04/29 v2.0v Standard LaTeX package
LaTeX Font Info:    Trying to load font information for T1+lmr on input line 112.
(/Users/madslangsorensen/Library/TinyTeX/texmf-dist/tex/latex/lm/t1lmr.fd
File: t1lmr.fd 2015/05/01 v1.6.1 Font defs for Latin Modern
)) (/Users/madslangsorensen/Library/TinyTeX/texmf-dist/tex/latex/base/inputenc.sty
Package: inputenc 2021/02/14 v1.3d Input encoding file
\inpenc@prehook=\toks21
\inpenc@posthook=\toks22
) (/Users/madslangsorensen/Library/TinyTeX/texmf-dist/tex/latex/base/textcomp.sty
Package: textcomp 2020/02/02 v2.0n Standard LaTeX package
) (/Users/madslangsorensen/Library/TinyTeX/texmf-dist/tex/latex/xcolor/xcolor.sty
Package: xcolor 2022/06/12 v2.14 LaTeX color extensions (UK)
(/Users/madslangsorensen/Library/TinyTeX/texmf-dist/tex/latex/graphics-cfg/color.cfg
File: color.cfg 2016/01/02 v1.6 sample color configuration
)
Package xcolor Info: Driver file: pdftex.def on input line 227.
(/Users/madslangsorensen/Library/TinyTeX/texmf-dist/tex/latex/graphics-def/pdftex.def
File: pdftex.def 2022/09/22 v1.2b Graphics/color driver for pdftex
) (/Users/madslangsorensen/Library/TinyTeX/texmf-dist/tex/latex/graphics/mathcolor.ltx)
Package xcolor Info: Model `cmy' substituted by `cmy0' on input line 1353.
Package xcolor Info: Model `hsb' substituted by `rgb' on input line 1357.
Package xcolor Info: Model `RGB' extended on input line 1369.
Package xcolor Info: Model `HTML' substituted by `rgb' on input line 1371.
Package xcolor Info: Model `Hsb' substituted by `hsb' on input line 1372.
Package xcolor Info: Model `tHsb' substituted by `hsb' on input line 1373.
Package xcolor Info: Model `HSB' substituted by `hsb' on input line 1374.
Package xcolor Info: Model `Gray' substituted by `gray' on input line 1375.
Package xcolor Info: Model `wave' substituted by `hsb' on input line 1376.
) (/Users/madslangsorensen/Library/TinyTeX/texmf-dist/tex/latex/hyperref/hyperref.sty
Package: hyperref 2023-05-16 v7.00y Hypertext links for LaTeX
(/Users/madslangsorensen/Library/TinyTeX/texmf-dist/tex/generic/ltxcmds/ltxcmds.sty
Package: ltxcmds 2020-05-10 v1.25 LaTeX kernel commands for general use (HO)
) (/Users/madslangsorensen/Library/TinyTeX/texmf-dist/tex/generic/pdftexcmds/pdftexcmds.sty
Package: pdftexcmds 2020-06-27 v0.33 Utility functions of pdfTeX for LuaTeX (HO)
(/Users/madslangsorensen/Library/TinyTeX/texmf-dist/tex/generic/infwarerr/infwarerr.sty
Package: infwarerr 2019/12/03 v1.5 Providing info/warning/error messages (HO)
)
Package pdftexcmds Info: \pdf@primitive is available.
Package pdftexcmds Info: \pdf@ifprimitive is available.
Package pdftexcmds Info: \pdfdraftmode found.
) (/Users/madslangsorensen/Library/TinyTeX/texmf-dist/tex/latex/graphics/keyval.sty
Package: keyval 2022/05/29 v1.15 key=value parser (DPC)
\KV@toks@=\toks23
) (/Users/madslangsorensen/Library/TinyTeX/texmf-dist/tex/latex/kvsetkeys/kvsetkeys.sty
Package: kvsetkeys 2022-10-05 v1.19 Key value parser (HO)
) (/Users/madslangsorensen/Library/TinyTeX/texmf-dist/tex/generic/kvdefinekeys/kvdefinekeys.sty
Package: kvdefinekeys 2019-12-19 v1.6 Define keys (HO)
) (/Users/madslangsorensen/Library/TinyTeX/texmf-dist/tex/generic/pdfescape/pdfescape.sty
Package: pdfescape 2019/12/09 v1.15 Implements pdfTeX's escape features (HO)
) (/Users/madslangsorensen/Library/TinyTeX/texmf-dist/tex/latex/hycolor/hycolor.sty
Package: hycolor 2020-01-27 v1.10 Color options for hyperref/bookmark (HO)
) (/Users/madslangsorensen/Library/TinyTeX/texmf-dist/tex/latex/letltxmacro/letltxmacro.sty
Package: letltxmacro 2019/12/03 v1.6 Let assignment for LaTeX macros (HO)
) (/Users/madslangsorensen/Library/TinyTeX/texmf-dist/tex/latex/auxhook/auxhook.sty
Package: auxhook 2019-12-17 v1.6 Hooks for auxiliary files (HO)
) (/Users/madslangsorensen/Library/TinyTeX/texmf-dist/tex/latex/hyperref/nameref.sty
Package: nameref 2023-05-16 v2.51 Cross-referencing by name of section
(/Users/madslangsorensen/Library/TinyTeX/texmf-dist/tex/latex/refcount/refcount.sty
Package: refcount 2019/12/15 v3.6 Data extraction from label references (HO)
) (/Users/madslangsorensen/Library/TinyTeX/texmf-dist/tex/generic/gettitlestring/gettitlestring.sty
Package: gettitlestring 2019/12/15 v1.6 Cleanup title references (HO)
(/Users/madslangsorensen/Library/TinyTeX/texmf-dist/tex/latex/kvoptions/kvoptions.sty
Package: kvoptions 2022-06-15 v3.15 Key value format for package options (HO)
))
\c@section@level=\count271
) (/Users/madslangsorensen/Library/TinyTeX/texmf-dist/tex/latex/etoolbox/etoolbox.sty
Package: etoolbox 2020/10/05 v2.5k e-TeX tools for LaTeX (JAW)
\etb@tempcnta=\count272
)
\@linkdim=\dimen150
\Hy@linkcounter=\count273
\Hy@pagecounter=\count274
(/Users/madslangsorensen/Library/TinyTeX/texmf-dist/tex/latex/hyperref/pd1enc.def
File: pd1enc.def 2023-05-16 v7.00y Hyperref: PDFDocEncoding definition (HO)
Now handling font encoding PD1 ...
... no UTF-8 mapping file for font encoding PD1
) (/Users/madslangsorensen/Library/TinyTeX/texmf-dist/tex/generic/intcalc/intcalc.sty
Package: intcalc 2019/12/15 v1.3 Expandable calculations with integers (HO)
)
\Hy@SavedSpaceFactor=\count275
(/Users/madslangsorensen/Library/TinyTeX/texmf-dist/tex/latex/hyperref/puenc.def
File: puenc.def 2023-05-16 v7.00y Hyperref: PDF Unicode definition (HO)
Now handling font encoding PU ...
... no UTF-8 mapping file for font encoding PU
)
Package hyperref Info: Option `unicode' set `true' on input line 4050.
Package hyperref Info: Hyper figures OFF on input line 4167.
Package hyperref Info: Link nesting OFF on input line 4172.
Package hyperref Info: Hyper index ON on input line 4175.
Package hyperref Info: Plain pages OFF on input line 4182.
Package hyperref Info: Backreferencing OFF on input line 4187.
Package hyperref Info: Implicit mode ON; LaTeX internals redefined.
Package hyperref Info: Bookmarks ON on input line 4434.
\c@Hy@tempcnt=\count276
(/Users/madslangsorensen/Library/TinyTeX/texmf-dist/tex/latex/url/url.sty
\Urlmuskip=\muskip17
Package: url 2013/09/16  ver 3.4  Verb mode for urls, etc.
)
LaTeX Info: Redefining \url on input line 4772.
\XeTeXLinkMargin=\dimen151
(/Users/madslangsorensen/Library/TinyTeX/texmf-dist/tex/generic/bitset/bitset.sty
Package: bitset 2019/12/09 v1.3 Handle bit-vector datatype (HO)
(/Users/madslangsorensen/Library/TinyTeX/texmf-dist/tex/generic/bigintcalc/bigintcalc.sty
Package: bigintcalc 2019/12/15 v1.5 Expandable calculations on big integers (HO)
))
\Fld@menulength=\count277
\Field@Width=\dimen152
\Fld@charsize=\dimen153
Package hyperref Info: Hyper figures OFF on input line 6051.
Package hyperref Info: Link nesting OFF on input line 6056.
Package hyperref Info: Hyper index ON on input line 6059.
Package hyperref Info: backreferencing OFF on input line 6066.
Package hyperref Info: Link coloring OFF on input line 6071.
Package hyperref Info: Link coloring with OCG OFF on input line 6076.
Package hyperref Info: PDF/A mode OFF on input line 6081.
(/Users/madslangsorensen/Library/TinyTeX/texmf-dist/tex/latex/base/atbegshi-ltx.sty
Package: atbegshi-ltx 2021/01/10 v1.0c Emulation of the original atbegshi
package with kernel methods
)
\Hy@abspage=\count278
\c@Item=\count279
\c@Hfootnote=\count280
)
Package hyperref Info: Driver (autodetected): hpdftex.
(/Users/madslangsorensen/Library/TinyTeX/texmf-dist/tex/latex/hyperref/hpdftex.def
File: hpdftex.def 2023-05-16 v7.00y Hyperref driver for pdfTeX
(/Users/madslangsorensen/Library/TinyTeX/texmf-dist/tex/latex/base/atveryend-ltx.sty
Package: atveryend-ltx 2020/08/19 v1.0a Emulation of the original atveryend package
with kernel methods
)
\Fld@listcount=\count281
\c@bookmark@seq@number=\count282
(/Users/madslangsorensen/Library/TinyTeX/texmf-dist/tex/latex/rerunfilecheck/rerunfilecheck.sty
Package: rerunfilecheck 2022-07-10 v1.10 Rerun checks for auxiliary files (HO)
(/Users/madslangsorensen/Library/TinyTeX/texmf-dist/tex/generic/uniquecounter/uniquecounter.sty
Package: uniquecounter 2019/12/15 v1.4 Provide unlimited unique counter (HO)
)
Package uniquecounter Info: New unique counter `rerunfilecheck' on input line 285.
)
\Hy@SectionHShift=\skip53
) (/Users/madslangsorensen/Library/TinyTeX/texmf-dist/tex/latex/geometry/geometry.sty
Package: geometry 2020/01/02 v5.9 Page Geometry
(/Users/madslangsorensen/Library/TinyTeX/texmf-dist/tex/generic/iftex/ifvtex.sty
Package: ifvtex 2019/10/25 v1.7 ifvtex legacy package. Use iftex instead.
)
\Gm@cnth=\count283
\Gm@cntv=\count284
\c@Gm@tempcnt=\count285
\Gm@bindingoffset=\dimen154
\Gm@wd@mp=\dimen155
\Gm@odd@mp=\dimen156
\Gm@even@mp=\dimen157
\Gm@layoutwidth=\dimen158
\Gm@layoutheight=\dimen159
\Gm@layouthoffset=\dimen160
\Gm@layoutvoffset=\dimen161
\Gm@dimlist=\toks24
) (/Users/madslangsorensen/Library/TinyTeX/texmf-dist/tex/latex/graphics/graphicx.sty
Package: graphicx 2021/09/16 v1.2d Enhanced LaTeX Graphics (DPC,SPQR)
(/Users/madslangsorensen/Library/TinyTeX/texmf-dist/tex/latex/graphics/graphics.sty
Package: graphics 2022/03/10 v1.4e Standard LaTeX Graphics (DPC,SPQR)
(/Users/madslangsorensen/Library/TinyTeX/texmf-dist/tex/latex/graphics/trig.sty
Package: trig 2021/08/11 v1.11 sin cos tan (DPC)
) (/Users/madslangsorensen/Library/TinyTeX/texmf-dist/tex/latex/graphics-cfg/graphics.cfg
File: graphics.cfg 2016/06/04 v1.11 sample graphics configuration
)
Package graphics Info: Driver file: pdftex.def on input line 107.
)
\Gin@req@height=\dimen162
\Gin@req@width=\dimen163
)
\cslhangindent=\skip54
\csllabelwidth=\skip55
\cslentryspacingunit=\skip56
(/Users/madslangsorensen/Library/TinyTeX/texmf-dist/tex/latex/tools/calc.sty
Package: calc 2017/05/25 v4.3 Infix arithmetic (KKT,FJ)
\calc@Acount=\count286
\calc@Bcount=\count287
\calc@Adimen=\dimen164
\calc@Bdimen=\dimen165
\calc@Askip=\skip57
\calc@Bskip=\skip58
LaTeX Info: Redefining \setlength on input line 80.
LaTeX Info: Redefining \addtolength on input line 81.
\calc@Ccount=\count288
\calc@Cskip=\skip59
) (/Users/madslangsorensen/Library/TinyTeX/texmf-dist/tex/latex/booktabs/booktabs.sty
Package: booktabs 2020/01/12 v1.61803398 Publication quality tables
\heavyrulewidth=\dimen166
\lightrulewidth=\dimen167
\cmidrulewidth=\dimen168
\belowrulesep=\dimen169
\belowbottomsep=\dimen170
\aboverulesep=\dimen171
\abovetopsep=\dimen172
\cmidrulesep=\dimen173
\cmidrulekern=\dimen174
\defaultaddspace=\dimen175
\@cmidla=\count289
\@cmidlb=\count290
\@aboverulesep=\dimen176
\@belowrulesep=\dimen177
\@thisruleclass=\count291
\@lastruleclass=\count292
\@thisrulewidth=\dimen178
) (/Users/madslangsorensen/Library/TinyTeX/texmf-dist/tex/latex/multirow/multirow.sty
Package: multirow 2021/03/15 v2.8 Span multiple rows of a table
\multirow@colwidth=\skip60
\multirow@cntb=\count293
\multirow@dima=\skip61
\bigstrutjot=\dimen179
) (/Users/madslangsorensen/Library/TinyTeX/texmf-dist/tex/latex/tools/dcolumn.sty
Package: dcolumn 2014/10/28 v1.06 decimal alignment package (DPC)
(/Users/madslangsorensen/Library/TinyTeX/texmf-dist/tex/latex/tools/array.sty
Package: array 2022/09/04 v2.5g Tabular extension package (FMi)
\col@sep=\dimen180
\ar@mcellbox=\box53
\extrarowheight=\dimen181
\NC@list=\toks25
\extratabsurround=\skip62
\backup@length=\skip63
\ar@cellbox=\box54
)) (/Users/madslangsorensen/Library/TinyTeX/texmf-dist/tex/latex/lastpage/lastpage.sty
Package: lastpage 2023/04/12 v2.0b lastpage: 2.09 or 2e? (HMM)
(/Users/madslangsorensen/Library/TinyTeX/texmf-dist/tex/latex/lastpage/lastpage2e.sty
Package: lastpage2e 2023/04/12 v2.0b Decide which 2e lastpage version to use (HMM)
(/Users/madslangsorensen/Library/TinyTeX/texmf-dist/tex/latex/lastpage/lastpagemodern.sty
Package: lastpagemodern 2023-04-12 v2.0b Refers to last page's name (HMM; JPG)
) 
)) (/Users/madslangsorensen/Library/TinyTeX/texmf-dist/tex/latex/fancyhdr/fancyhdr.sty
Package: fancyhdr 2022/11/09 v4.1 Extensive control of page headers and footers
\f@nch@headwidth=\skip64
\f@nch@O@elh=\skip65
\f@nch@O@erh=\skip66
\f@nch@O@olh=\skip67
\f@nch@O@orh=\skip68
\f@nch@O@elf=\skip69
\f@nch@O@erf=\skip70
\f@nch@O@olf=\skip71
\f@nch@O@orf=\skip72
) (/Users/madslangsorensen/Library/TinyTeX/texmf-dist/tex/latex/wrapfig/wrapfig.sty
\wrapoverhang=\dimen182
\WF@size=\dimen183
\c@WF@wrappedlines=\count294
\WF@box=\box55
\WF@everypar=\toks26
Package: wrapfig 2003/01/31  v 3.6
) (/Users/madslangsorensen/Library/TinyTeX/texmf-dist/tex/latex/titlesec/titlesec.sty
Package: titlesec 2021/07/05 v2.14 Sectioning titles
\ttl@box=\box56
\beforetitleunit=\skip73
\aftertitleunit=\skip74
\ttl@plus=\dimen184
\ttl@minus=\dimen185
\ttl@toksa=\toks27
\titlewidth=\dimen186
\titlewidthlast=\dimen187
\titlewidthfirst=\dimen188
)

Package fancyhdr Warning: \fancyfoot's `E' option without twoside option is useless.
(fancyhdr)                Please consider using the `twoside' option on input line 90.

(/Users/madslangsorensen/Library/TinyTeX/texmf-dist/tex/latex/floatrow/floatrow.sty
Package: floatrow 2008/08/02 v0.3b floatrow: float package extension
(/Users/madslangsorensen/Library/TinyTeX/texmf-dist/tex/latex/caption/caption3.sty
Package: caption3 2023/03/12 v2.4 caption3 kernel (AR)
\caption@tempdima=\dimen189
\captionmargin=\dimen190
\caption@leftmargin=\dimen191
\caption@rightmargin=\dimen192
\caption@width=\dimen193
\caption@indent=\dimen194
\caption@parindent=\dimen195
\caption@hangindent=\dimen196
Package caption Info: Standard document class detected.
)
\c@float@type=\count295
\float@exts=\toks28
\float@box=\box57
\@floatcapt=\box58
Package floatrow Info: Modified float package code loaded on input line 455.
Package floatrow Info: Modified rotfloat package code loaded on input line 473.
\FR@everyfloat=\toks29
\flrow@foot=\insert252
\FB@wd=\dimen197
\FBo@wd=\dimen198
\FBc@wd=\dimen199
\FBo@ht=\skip75
\FBc@ht=\skip76
\FBf@ht=\skip77
\FBo@max=\skip78
\FBc@max=\skip79
\FBf@max=\skip80
\c@FBl@b=\count296
\floatbox@depth=\count297
\c@FRobj=\count298
\c@FRsobj=\count299
\Xhsize=\skip81
\sXhsize=\skip82
\Zhsize=\skip83
\sZhsize=\skip84
\flrow@rowbox=\box59
\FR@Zunitlength=\dimen256
\c@FBcnt=\count300
\FPOScnt=\count301
\LTleft=\skip85
\LTright=\skip86
\LTleft=\skip87
\LTright=\skip88
\flrow@types=\toks30
) (/Users/madslangsorensen/Library/TinyTeX/texmf-dist/tex/latex/setspace/setspace.sty
Package: setspace 2022/12/04 v6.7b set line spacing
) (/Users/madslangsorensen/Library/TinyTeX/texmf-dist/tex/latex/tools/longtable.sty
Package: longtable 2021-09-01 v4.17 Multi-page Table package (DPC)
\LTleft=\skip89
\LTright=\skip90
\LTpre=\skip91
\LTpost=\skip92
\LTchunksize=\count302
\LTcapwidth=\dimen257
\LT@head=\box60
\LT@firsthead=\box61
\LT@foot=\box62
\LT@lastfoot=\box63
\LT@gbox=\box64
\LT@cols=\count303
\LT@rows=\count304
\c@LT@tables=\count305
\c@LT@chunks=\count306
\LT@p@ftn=\toks31
) (/Users/madslangsorensen/Library/TinyTeX/texmf-dist/tex/latex/colortbl/colortbl.sty
Package: colortbl 2022/06/20 v1.0f Color table columns (DPC)
\everycr=\toks32
\minrowclearance=\skip93
\rownum=\count307
) (/Users/madslangsorensen/Library/TinyTeX/texmf-dist/tex/latex/pdflscape/pdflscape.sty
Package: pdflscape 2022-10-27 v0.13 Display of landscape pages in PDF
(/Users/madslangsorensen/Library/TinyTeX/texmf-dist/tex/latex/pdflscape/pdflscape-nometadata.sty
Package: pdflscape-nometadata 2022-10-28 v0.13 Display of landscape pages in PDF (HO)
(/Users/madslangsorensen/Library/TinyTeX/texmf-dist/tex/latex/graphics/lscape.sty
Package: lscape 2020/05/28 v3.02 Landscape Pages (DPC)
)
Package pdflscape Info: Auto-detected driver: pdftex on input line 81.
)) (/Users/madslangsorensen/Library/TinyTeX/texmf-dist/tex/latex/tabu/tabu.sty
Package: tabu 2019/01/11 v2.9 - flexible LaTeX tabulars (FC+tabu-fixed)
(/Users/madslangsorensen/Library/TinyTeX/texmf-dist/tex/latex/varwidth/varwidth.sty
Package: varwidth 2009/03/30 ver 0.92;  Variable-width minipages
\@vwid@box=\box65
\sift@deathcycles=\count308
\@vwid@loff=\dimen258
\@vwid@roff=\dimen259
)
\c@taburow=\count309
\tabu@nbcols=\count310
\tabu@cnt=\count311
\tabu@Xcol=\count312
\tabu@alloc=\count313
\tabu@nested=\count314
\tabu@target=\dimen260
\tabu@spreadtarget=\dimen261
\tabu@naturalX=\dimen262
\tabucolX=\dimen263
\tabu@Xsum=\dimen264
\extrarowdepth=\dimen265
\abovetabulinesep=\dimen266
\belowtabulinesep=\dimen267
\tabustrutrule=\dimen268
\tabu@thebody=\toks33
\tabu@footnotes=\toks34
\tabu@box=\box66
\tabu@arstrutbox=\box67
\tabu@hleads=\box68
\tabu@vleads=\box69
\tabu@cellskip=\skip94
) (/Users/madslangsorensen/Library/TinyTeX/texmf-dist/tex/latex/threeparttable/threeparttable.sty
Package: threeparttable 2003/06/13  v 3.0
\@tempboxb=\box70
) (/Users/madslangsorensen/Library/TinyTeX/texmf-dist/tex/latex/threeparttablex/threeparttablex.sty
Package: threeparttablex 2013/07/23 v0.3 by daleif
(/Users/madslangsorensen/Library/TinyTeX/texmf-dist/tex/latex/environ/environ.sty
Package: environ 2014/05/04 v0.3 A new way to define environments
(/Users/madslangsorensen/Library/TinyTeX/texmf-dist/tex/latex/trimspaces/trimspaces.sty
Package: trimspaces 2009/09/17 v1.1 Trim spaces around a token list
))
\TPTL@width=\skip95
) (/Users/madslangsorensen/Library/TinyTeX/texmf-dist/tex/generic/ulem/ulem.sty
\UL@box=\box71
\UL@hyphenbox=\box72
\UL@skip=\skip96
\UL@hook=\toks35
\UL@height=\dimen269
\UL@pe=\count315
\UL@pixel=\dimen270
\ULC@box=\box73
Package: ulem 2019/11/18
\ULdepth=\dimen271
) (/Users/madslangsorensen/Library/TinyTeX/texmf-dist/tex/latex/makecell/makecell.sty
Package: makecell 2009/08/03 V0.1e Managing of Tab Column Heads and Cells
\rotheadsize=\dimen272
\c@nlinenum=\count316
\TeXr@lab=\toks36
) (/Users/madslangsorensen/Library/TinyTeX/texmf-dist/tex/latex/l3backend/l3backend-pdftex.def
File: l3backend-pdftex.def 2023-04-19 L3 backend support: PDF output (pdfTeX)
\l__color_backend_stack_int=\count317
\l__pdf_internal_box=\box74
) (./paper.aux

LaTeX Warning: Label `table:coefficients' multiply defined.


LaTeX Warning: Label `table:coefficients' multiply defined.


LaTeX Warning: Label `table:coefficients' multiply defined.


LaTeX Warning: Label `table:coefficients' multiply defined.


LaTeX Warning: Label `tab:unnamed-chunk-2' multiply defined.


LaTeX Warning: Label `tab:unnamed-chunk-2' multiply defined.

)
\openout1 = `paper.aux'.

LaTeX Font Info:    Checking defaults for OML/cmm/m/it on input line 114.
LaTeX Font Info:    ... okay on input line 114.
LaTeX Font Info:    Checking defaults for OMS/cmsy/m/n on input line 114.
LaTeX Font Info:    ... okay on input line 114.
LaTeX Font Info:    Checking defaults for OT1/cmr/m/n on input line 114.
LaTeX Font Info:    ... okay on input line 114.
LaTeX Font Info:    Checking defaults for T1/cmr/m/n on input line 114.
LaTeX Font Info:    ... okay on input line 114.
LaTeX Font Info:    Checking defaults for TS1/cmr/m/n on input line 114.
LaTeX Font Info:    ... okay on input line 114.
LaTeX Font Info:    Checking defaults for OMX/cmex/m/n on input line 114.
LaTeX Font Info:    ... okay on input line 114.
LaTeX Font Info:    Checking defaults for U/cmr/m/n on input line 114.
LaTeX Font Info:    ... okay on input line 114.
LaTeX Font Info:    Checking defaults for PD1/pdf/m/n on input line 114.
LaTeX Font Info:    ... okay on input line 114.
LaTeX Font Info:    Checking defaults for PU/pdf/m/n on input line 114.
LaTeX Font Info:    ... okay on input line 114.
(/Users/madslangsorensen/Library/TinyTeX/texmf-dist/tex/latex/epstopdf-pkg/epstopdf-base.sty
Package: epstopdf-base 2020-01-24 v2.11 Base part for package epstopdf
Package epstopdf-base Info: Redefining graphics rule for `.eps' on input line 485.
(/Users/madslangsorensen/Library/TinyTeX/texmf-dist/tex/latex/latexconfig/epstopdf-sys.cfg
File: epstopdf-sys.cfg 2010/07/13 v1.3 Configuration of (r)epstopdf for TeX Live
))
Package hyperref Info: Link coloring OFF on input line 114.
(./paper.out) (./paper.out)
\@outlinefile=\write3
\openout3 = `paper.out'.

*geometry* driver: auto-detecting
*geometry* detected driver: pdftex
*geometry* verbose mode - [ preamble ] result:
* driver: pdftex
* paper: <default>
* layout: <same size as paper>
* layoutoffset:(h,v)=(0.0pt,0.0pt)
* modes: 
* h-part:(L,W,R)=(72.26999pt, 469.75502pt, 72.26999pt)
* v-part:(T,H,B)=(72.26999pt, 650.43001pt, 72.26999pt)
* \paperwidth=614.295pt
* \paperheight=794.96999pt
* \textwidth=469.75502pt
* \textheight=650.43001pt
* \oddsidemargin=0.0pt
* \evensidemargin=0.0pt
* \topmargin=-37.0pt
* \headheight=12.0pt
* \headsep=25.0pt
* \topskip=10.0pt
* \footskip=30.0pt
* \marginparwidth=65.0pt
* \marginparsep=11.0pt
* \columnsep=10.0pt
* \skip\footins=9.0pt plus 4.0pt minus 2.0pt
* \hoffset=0.0pt
* \voffset=0.0pt
* \mag=1000
* \@twocolumnfalse
* \@twosidefalse
* \@mparswitchfalse
* \@reversemarginfalse
* (1in=72.27pt=25.4mm, 1cm=28.453pt)

Package caption Info: Begin \AtBeginDocument code.
Package caption Info: End \AtBeginDocument code.
(/Users/madslangsorensen/Library/TinyTeX/texmf-dist/tex/latex/floatrow/fr-longtable.sty
Package: fr-longtable 2007/11/28 v0.1b (beta) floatrow: additions for longtable
\flrow@LT@lasthead=\box75
\flrow@LT@prelastfoot=\box76
\c@FBLTpage=\count318
)
<images/ku_logo_no_txt.png, id=319, 92.345pt x 126.4725pt>
File: images/ku_logo_no_txt.png Graphic file (type png)
<use images/ku_logo_no_txt.png>
Package pdftex.def Info: images/ku_logo_no_txt.png  used on input line 120.
(pdftex.def)             Requested size: 92.34476pt x 126.47218pt.
LaTeX Font Info:    Trying to load font information for OT1+lmr on input line 169.
(/Users/madslangsorensen/Library/TinyTeX/texmf-dist/tex/latex/lm/ot1lmr.fd
File: ot1lmr.fd 2015/05/01 v1.6.1 Font defs for Latin Modern
)
LaTeX Font Info:    Trying to load font information for OML+lmm on input line 169.
(/Users/madslangsorensen/Library/TinyTeX/texmf-dist/tex/latex/lm/omllmm.fd
File: omllmm.fd 2015/05/01 v1.6.1 Font defs for Latin Modern
)
LaTeX Font Info:    Trying to load font information for OMS+lmsy on input line 169.
(/Users/madslangsorensen/Library/TinyTeX/texmf-dist/tex/latex/lm/omslmsy.fd
File: omslmsy.fd 2015/05/01 v1.6.1 Font defs for Latin Modern
)
LaTeX Font Info:    Trying to load font information for OMX+lmex on input line 169.
(/Users/madslangsorensen/Library/TinyTeX/texmf-dist/tex/latex/lm/omxlmex.fd
File: omxlmex.fd 2015/05/01 v1.6.1 Font defs for Latin Modern
)
LaTeX Font Info:    External font `lmex10' loaded for size
(Font)              <10> on input line 169.
LaTeX Font Info:    External font `lmex10' loaded for size
(Font)              <7> on input line 169.
LaTeX Font Info:    External font `lmex10' loaded for size
(Font)              <5> on input line 169.
LaTeX Font Info:    Trying to load font information for U+msa on input line 169.
(/Users/madslangsorensen/Library/TinyTeX/texmf-dist/tex/latex/amsfonts/umsa.fd
File: umsa.fd 2013/01/14 v3.01 AMS symbols A
)
LaTeX Font Info:    Trying to load font information for U+msb on input line 169.
(/Users/madslangsorensen/Library/TinyTeX/texmf-dist/tex/latex/amsfonts/umsb.fd
File: umsb.fd 2013/01/14 v3.01 AMS symbols B
) [0

{/Users/madslangsorensen/Library/TinyTeX/texmf-var/fonts/map/pdftex/updmap/pdftex.map}{/Users/madslangsorensen/Library/TinyTeX/texmf-dist/fonts/enc/dvips/lm/lm-ec.enc} <./images/ku_logo_no_txt.png>]
<images/midjourney_gen.png, id=329, 361.35pt x 361.35pt>
File: images/midjourney_gen.png Graphic file (type png)
<use images/midjourney_gen.png>
Package pdftex.def Info: images/midjourney_gen.png  used on input line 182.
(pdftex.def)             Requested size: 361.34912pt x 361.34912pt.
[1 <./images/midjourney_gen.png>] [2] (./paper.toc [3])
\tf@toc=\write4
\openout4 = `paper.toc'.

[4] [5] [6] [7] [8] [9] [10] [11] [12] [13] [14] [15] [16] [17] [18] [19] [20] [21] [22] [23] [24] [25] [26]
<images/facebook_post.png, id=592, 1054.43938pt x 592.2125pt>
File: images/facebook_post.png Graphic file (type png)
<use images/facebook_post.png>
Package pdftex.def Info: images/facebook_post.png  used on input line 1785.
(pdftex.def)             Requested size: 375.80078pt x 211.06374pt.
[27] [28 <./images/facebook_post.png>]
<images/reactions_example.png, id=608, 341.275pt x 88.33pt>
File: images/reactions_example.png Graphic file (type png)
<use images/reactions_example.png>
Package pdftex.def Info: images/reactions_example.png  used on input line 1892.
(pdftex.def)             Requested size: 301.14569pt x 77.94357pt.
[29 <./images/reactions_example.png>]
<images/mention_example.png, id=619, 213.79875pt x 48.18pt>
File: images/mention_example.png Graphic file (type png)
<use images/mention_example.png>
Package pdftex.def Info: images/mention_example.png  used on input line 1940.
(pdftex.def)             Requested size: 213.79822pt x 48.17986pt.
[30 <./images/mention_example.png>]
<images/offensive_language.png, id=629, 292.09125pt x 51.19125pt>
File: images/offensive_language.png Graphic file (type png)
<use images/offensive_language.png>
Package pdftex.def Info: images/offensive_language.png  used on input line 2053.
(pdftex.def)             Requested size: 292.10834pt x 51.19423pt.
[31]
<images/recognizing_language.png, id=635, 605.26125pt x 124.465pt>
File: images/recognizing_language.png Graphic file (type png)
<use images/recognizing_language.png>
Package pdftex.def Info: images/recognizing_language.png  used on input line 2068.
(pdftex.def)             Requested size: 301.12448pt x 61.92278pt.
[32 <./images/offensive_language.png> <./images/recognizing_language.png>]
<images/ner_examples.png, id=649, 1153.30875pt x 392.46625pt>
File: images/ner_examples.png Graphic file (type png)
<use images/ner_examples.png>
Package pdftex.def Info: images/ner_examples.png  used on input line 2193.
(pdftex.def)             Requested size: 401.49954pt x 136.62865pt.
[33 <./images/ner_examples.png>] [34] [35] [36]
<paper_files/figure-latex/posts_per_week-1.pdf, id=682, 433.62pt x 325.215pt>
File: paper_files/figure-latex/posts_per_week-1.pdf Graphic file (type pdf)
<use paper_files/figure-latex/posts_per_week-1.pdf>
Package pdftex.def Info: paper_files/figure-latex/posts_per_week-1.pdf  used on input line 2477.
(pdftex.def)             Requested size: 267.6705pt x 200.75287pt.
[37] [38 <./paper_files/figure-latex/posts_per_week-1.pdf>] [39{/Users/madslangsorensen/Library/TinyTeX/texmf-dist/fonts/enc/dvips/lm/lm-mathsy.enc}{/Users/madslangsorensen/Library/TinyTeX/texmf-dist/fonts/enc/dvips/lm/lm-rm.enc}]
<images/fb_audience.png, id=717, 473.77pt x 185.69376pt>
File: images/fb_audience.png Graphic file (type png)
<use images/fb_audience.png>
Package pdftex.def Info: images/fb_audience.png  used on input line 2661.
(pdftex.def)             Requested size: 375.81401pt x 147.29997pt.
[40] [41 <./images/fb_audience.png>] [42] [43]
<paper_files/figure-latex/sidneyplot-1.pdf, id=747, 433.62pt x 325.215pt>
File: paper_files/figure-latex/sidneyplot-1.pdf Graphic file (type pdf)
<use paper_files/figure-latex/sidneyplot-1.pdf>
Package pdftex.def Info: paper_files/figure-latex/sidneyplot-1.pdf  used on input line 2859.
(pdftex.def)             Requested size: 301.14337pt x 225.85753pt.
[44 <./paper_files/figure-latex/sidneyplot-1.pdf>] [45] [46] [47] [48] [49] [50] [51{/Users/madslangsorensen/Library/TinyTeX/texmf-dist/fonts/enc/dvips/lm/lm-mathit.enc}] [52] [53] [54] [55] [56]
<paper_files/figure-latex/coef_matrix-1.pdf, id=848, 433.62pt x 259.97125pt>
File: paper_files/figure-latex/coef_matrix-1.pdf Graphic file (type pdf)
<use paper_files/figure-latex/coef_matrix-1.pdf>
Package pdftex.def Info: paper_files/figure-latex/coef_matrix-1.pdf  used on input line 3728.
(pdftex.def)             Requested size: 375.8238pt x 225.32028pt.
[57] [58 <./paper_files/figure-latex/coef_matrix-1.pdf>] [59] [60] [61] [62] [63] [64] [65] [66] [67]
Underfull \hbox (badness 10000) in paragraph at lines 4448--4454
\T1/lmr/m/n/10 94--116. []$https : / / go . gale . com / ps / i . do ? p = IFME & sw = w & issn = 11385820 & v = 2 . 1 & it = r & id = GALE %
 []

[68] [69] [70] [71]
LaTeX Font Info:    Trying to load font information for TS1+lmr on input line 4789.
(/Users/madslangsorensen/Library/TinyTeX/texmf-dist/tex/latex/lm/ts1lmr.fd
File: ts1lmr.fd 2015/05/01 v1.6.1 Font defs for Latin Modern
)
Overfull \hbox (5.29659pt too wide) in paragraph at lines 4798--4801
[]\T1/lmr/m/n/10 Journalistforbundet. 2023. ``Cavling-prisvin-dere.'' []$https : / / journalistforbundet . dk / tidligere -[] cavlingprisvindere$[]. 
 []

[72{/Users/madslangsorensen/Library/TinyTeX/texmf-dist/fonts/enc/dvips/lm/lm-ts1.enc}] [73] [74] [75] [76] [77] [78] [79] [80] 
enddocument/afterlastpage: lastpage setting LastPage.
(./paper.aux)

LaTeX Warning: There were multiply-defined labels.

Package rerunfilecheck Info: File `paper.out' has not changed.
(rerunfilecheck)             Checksum: E201DFAC052978D862F0516225EE9C38;13718.
 ) 
Here is how much of TeX's memory you used:
 15453 strings out of 477998
 255824 string characters out of 5837811
 1888785 words of memory out of 5000000
 34915 multiletter control sequences out of 15000+600000
 564763 words of font info for 62 fonts, out of 8000000 for 9000
 14 hyphenation exceptions out of 8191
 75i,14n,76p,396b,506s stack positions out of 10000i,1000n,20000p,200000b,200000s
</Users/madslangsorensen/Library/TinyTeX/texmf-dist/fonts/type1/public/lm/lmbx10.pfb></Users/madslangsorensen/Library/TinyTeX/texmf-dist/fonts/type1/public/lm/lmbx12.pfb></Users/madslangsorensen/Library/TinyTeX/texmf-dist/fonts/type1/public/lm/lmmi10.pfb></Users/madslangsorensen/Library/TinyTeX/texmf-dist/fonts/type1/public/lm/lmr10.pfb></Users/madslangsorensen/Library/TinyTeX/texmf-dist/fonts/type1/public/lm/lmr7.pfb></Users/madslangsorensen/Library/TinyTeX/texmf-dist/fonts/type1/public/lm/lmr9.pfb></Users/madslangsorensen/Library/TinyTeX/texmf-dist/fonts/type1/public/lm/lmri10.pfb></Users/madslangsorensen/Library/TinyTeX/texmf-dist/fonts/type1/public/lm/lmri8.pfb></Users/madslangsorensen/Library/TinyTeX/texmf-dist/fonts/type1/public/lm/lmri9.pfb></Users/madslangsorensen/Library/TinyTeX/texmf-dist/fonts/type1/public/lm/lmsy10.pfb></Users/madslangsorensen/Library/TinyTeX/texmf-dist/fonts/type1/public/lm/lmsy7.pfb>
Output written on paper.pdf (81 pages, 4187731 bytes).
PDF statistics:
 1506 PDF objects out of 1728 (max. 8388607)
 1359 compressed objects within 14 object streams
 435 named destinations out of 1000 (max. 500000)
 693 words of extra memory for PDF output out of 10000 (max. 10000000)

